<html>
<body>
<pre>
<h1>µVision Build Log</h1>
<h2>Project:</h2>
C:\Temp\weltitob\Github\WeKeBA\05_Source\mbed_cmd\mbed_rtos.uvproj
Project File Date:  09/30/2014

<h2>Output:</h2>
Build target 'NXP LPC4088'
compiling cmd.cpp...
cmd.cpp(69): warning:  #177-D: variable "Fptr" was declared but never referenced
        FILE *Fptr;                                                                     //Create File pointer
cmd.cpp(70): warning:  #177-D: variable "info" was declared but never referenced
        FINFO info;     
cmd.cpp(33): warning:  #177-D: variable "g_cTmpBuf" was declared but never referenced
  static char g_cTmpBuf[PATH_BUF_SIZE];
cmd.cpp(40): warning:  #177-D: variable "g_cCmdBuf" was declared but never referenced
  static char g_cCmdBuf[CMD_BUF_SIZE];
cmd.cpp: 4 warnings, 0 errors
linking...
Program Size: Code=34700 RO-data=2168 RW-data=764 ZI-data=7792  
After Build - User command #1: fromelf --bin -o build\mbed_rtos_LPC4088.bin build\mbed_rtos.axf
".\build\mbed_rtos.axf" - 0 Error(s), 4 Warning(s).
Load "C:\\Temp\\weltitob\\Github\\WeKeBA\\05_Source\\mbed_cmd\\build\\mbed_rtos.axf" 
Erase Done.
Programming Done.
Verify OK.
</pre>
</body>
</html>
expected an expression
                                case():
cmd.cpp(386): error:  #29: expected an expression
                                case():
cmd.cpp(398): error:  #29: expected an expression
                                case():
cmd.cpp(410): error:  #29: expected an expression
                                case():
cmd.cpp(422): error:  #29: expected an expression
                                case():
cmd.cpp(434): error:  #29: expected an expression
                                case():
cmd.cpp(446): error:  #29: expected an expression
                                case():
cmd.cpp(458): error:  #29: expected an expression
                                case():
cmd.cpp(470): error:  #29: expected an expression
                                case():
cmd.cpp(482): error:  #29: expected an expression
                                case():
cmd.cpp(33): warning:  #177-D: variable "g_cTmpBuf" was declared but never referenced
  static char g_cTmpBuf[PATH_BUF_SIZE];
cmd.cpp(40): warning:  #177-D: variable "g_cCmdBuf" was declared but never referenced
  static char g_cCmdBuf[CMD_BUF_SIZE];
cmd.cpp: 4 warnings, 17 errors
".\build\mbed_rtos.axf" - 17 Error(s), 4 Warning(s).
Target not created
d
